0 info it worked if it ends with ok
1 verbose cli [ 'C:\\Program Files\\nodejs\\node.exe',
1 verbose cli   'C:\\Program Files\\nodejs\\node_modules\\npm\\bin\\npm-cli.js',
1 verbose cli   'start' ]
2 info using npm@3.10.10
3 info using node@v6.11.2
4 verbose run-script [ 'prestart', 'start', 'poststart' ]
5 info lifecycle antd-demo@0.1.0~prestart: antd-demo@0.1.0
6 silly lifecycle antd-demo@0.1.0~prestart: no script for prestart, continuing
7 info lifecycle antd-demo@0.1.0~start: antd-demo@0.1.0
8 verbose lifecycle antd-demo@0.1.0~start: unsafe-perm in lifecycle true
9 verbose lifecycle antd-demo@0.1.0~start: PATH: C:\Program Files\nodejs\node_modules\npm\bin\node-gyp-bin;C:\Users\Administrator\Desktop\react1\antd-demo\node_modules\.bin;C:\cmder\bin;C:\cmder\vendor\git-for-windows\cmd;C:\cmder\vendor\conemu-maximus5\ConEmu\Scripts;C:\cmder\vendor\conemu-maximus5;C:\cmder\vendor\conemu-maximus5\ConEmu;C:\Windows\system32;C:\Windows;C:\Windows\System32\Wbem;C:\Windows\System32\WindowsPowerShell\v1.0\;C:\Program Files\nodejs\;C:\Users\Administrator\AppData\Roaming\npm;C:\Program Files\MongoDB\Server\3.4\bin;C:\cmder\vendor\git-for-windows\usr\bin;C:\cmder\vendor\git-for-windows\usr\share\vim\vim74;C:\cmder\
10 verbose lifecycle antd-demo@0.1.0~start: CWD: C:\Users\Administrator\Desktop\react1\antd-demo
11 silly lifecycle antd-demo@0.1.0~start: Args: [ '/d /s /c', 'react-app-rewired start' ]
12 verbose stack Error: kill ENOSYS
12 verbose stack     at exports._errnoException (util.js:1020:11)
12 verbose stack     at process.kill (internal/process.js:190:13)
12 verbose stack     at process.listener (C:\Program Files\nodejs\node_modules\npm\node_modules\npmlog\node_modules\gauge\node_modules\signal-exit\index.js:86:15)
12 verbose stack     at emitNone (events.js:91:20)
12 verbose stack     at process.emit (events.js:185:7)
12 verbose stack     at processEmit (C:\Program Files\nodejs\node_modules\npm\node_modules\npmlog\node_modules\gauge\node_modules\signal-exit\index.js:146:32)
12 verbose stack     at processEmit (C:\Program Files\nodejs\node_modules\npm\node_modules\npm-registry-client\node_modules\npmlog\node_modules\gauge\node_modules\signal-exit\index.js:146:32)
12 verbose stack     at Signal.wrap.onsignal (internal/process.js:217:44)
13 verbose cwd C:\Users\Administrator\Desktop\react1\antd-demo\src
14 error Windows_NT 6.1.7601
15 error argv "C:\\Program Files\\nodejs\\node.exe" "C:\\Program Files\\nodejs\\node_modules\\npm\\bin\\npm-cli.js" "start"
16 error node v6.11.2
17 error npm  v3.10.10
18 error code ENOSYS
19 error errno ENOSYS
20 error syscall kill
21 error kill ENOSYS
22 error If you need help, you may report this error at:
22 error     <https://github.com/npm/npm/issues>
23 verbose exit [ 1, true ]
